<?xml version="1.0" encoding="UTF-8"?>
<testsuite name="testClean.testCrudProject" tests="1" skipped="0" failures="0" errors="0" timestamp="2021-08-16T00:53:55" hostname="DESKTOP-DMQDE3P" time="9.207">
  <properties/>
  <testcase name="testUpdateUserAuthenticationToken()" classname="testClean.testCrudProject" time="9.207"/>
  <system-out><![CDATA[Request method:	GET
Request URI:	https://todo.ly/api/authentication/token.json
Proxy:			<none>
Request params:	<none>
Query params:	<none>
Form params:	<none>
Path params:	<none>
Headers:		Authorization=Basic dGVzdC5tb3JhbGVzQGdtYWlsLmNvbToxMjM0NTY3OA==
				Accept=*/*
Cookies:		<none>
Multiparts:		<none>
Body:			<none>
TOKEN***e7598d61032c4660899f31101b2980ae
Request method:	POST
Request URI:	https://todo.ly/api/projects.json
Proxy:			<none>
Request params:	<none>
Query params:	<none>
Form params:	<none>
Path params:	<none>
Headers:		Token=e7598d61032c4660899f31101b2980ae
				Accept=*/*
				Content-Type=text/plain; charset=ISO-8859-1
Cookies:		<none>
Multiparts:		<none>
Body:
{"Content":"New project","Icon":4}
HTTP/1.1 200 OK
Cache-Control: no-cache, no-store, must-revalidate
Pragma: no-cache
Content-Type: application/json; charset=utf-8
Expires: -1
Server: Microsoft-IIS/8.0
Set-Cookie: ASP.NET_SessionId=ofg53o0mj2cd5p4yrhdcmxwx; path=/; HttpOnly; SameSite=Lax
X-AspNetMvc-Version: 2.0
X-AspNet-Version: 4.0.30319
X-Powered-By: ASP.NET
Date: Mon, 16 Aug 2021 01:54:58 GMT
Content-Length: 399

{
    "Id": 3947109,
    "Content": "New project",
    "ItemsCount": 0,
    "Icon": 4,
    "ItemType": 2,
    "ParentId": null,
    "Collapsed": false,
    "ItemOrder": 9,
    "Children": [
        
    ],
    "IsProjectShared": false,
    "ProjectShareOwnerName": null,
    "ProjectShareOwnerEmail": null,
    "IsShareApproved": false,
    "IsOwnProject": true,
    "LastSyncedDateTime": "/Date(1629078898433)/",
    "LastUpdatedDate": "/Date(1629078898417)/",
    "Deleted": false,
    "SyncClientCreationId": null
}
ID Project CREATE**: 3947109
Request method:	PUT
Request URI:	https://todo.ly/api/projects/3947109.json
Proxy:			<none>
Request params:	<none>
Query params:	<none>
Form params:	<none>
Path params:	<none>
Headers:		Token=e7598d61032c4660899f31101b2980ae
				Accept=*/*
				Content-Type=text/plain; charset=ISO-8859-1
Cookies:		<none>
Multiparts:		<none>
Body:
{"Icon":5}
HTTP/1.1 200 OK
Cache-Control: no-cache, no-store, must-revalidate
Pragma: no-cache
Content-Type: application/json; charset=utf-8
Expires: -1
Server: Microsoft-IIS/8.0
Set-Cookie: ASP.NET_SessionId=jrjvskpuzke3jjntidoingix; path=/; HttpOnly; SameSite=Lax
X-AspNetMvc-Version: 2.0
X-AspNet-Version: 4.0.30319
X-Powered-By: ASP.NET
Date: Mon, 16 Aug 2021 01:54:59 GMT
Content-Length: 399

{
    "Id": 3947109,
    "Content": "New project",
    "ItemsCount": 0,
    "Icon": 5,
    "ItemType": 2,
    "ParentId": null,
    "Collapsed": false,
    "ItemOrder": 9,
    "Children": [
        
    ],
    "IsProjectShared": false,
    "ProjectShareOwnerName": null,
    "ProjectShareOwnerEmail": null,
    "IsShareApproved": false,
    "IsOwnProject": true,
    "LastSyncedDateTime": "/Date(1629078899993)/",
    "LastUpdatedDate": "/Date(1629078899977)/",
    "Deleted": false,
    "SyncClientCreationId": null
}
Request method:	DELETE
Request URI:	https://todo.ly/api/projects/3947109.json
Proxy:			<none>
Request params:	<none>
Query params:	<none>
Form params:	<none>
Path params:	<none>
Headers:		Token=e7598d61032c4660899f31101b2980ae
				Accept=*/*
Cookies:		<none>
Multiparts:		<none>
Body:			<none>
HTTP/1.1 200 OK
Cache-Control: no-cache, no-store, must-revalidate
Pragma: no-cache
Content-Type: application/json; charset=utf-8
Expires: -1
Server: Microsoft-IIS/8.0
Set-Cookie: ASP.NET_SessionId=eprlqvdfjmc2lbn1ntzy01ch; path=/; HttpOnly; SameSite=Lax
X-AspNetMvc-Version: 2.0
X-AspNet-Version: 4.0.30319
X-Powered-By: ASP.NET
Date: Mon, 16 Aug 2021 01:55:01 GMT
Content-Length: 398

{
    "Id": 3947109,
    "Content": "New project",
    "ItemsCount": 0,
    "Icon": 5,
    "ItemType": 2,
    "ParentId": null,
    "Collapsed": false,
    "ItemOrder": 9,
    "Children": [
        
    ],
    "IsProjectShared": false,
    "ProjectShareOwnerName": null,
    "ProjectShareOwnerEmail": null,
    "IsShareApproved": false,
    "IsOwnProject": true,
    "LastSyncedDateTime": "/Date(1629078901600)/",
    "LastUpdatedDate": "/Date(1629078901583)/",
    "Deleted": true,
    "SyncClientCreationId": null
}
]]></system-out>
  <system-err><![CDATA[]]></system-err>
</testsuite>
